2022-06-04 15:55:37,041 - pyswarms.single.global_best - INFO - Optimize for 50 iters with {'c1': 0.9, 'c2': 0.1, 'w': 0.9}
2022-06-04 15:55:42,748 - pyswarms.single.global_best - INFO - Optimization finished | best cost: 0.0005231529364058473, best pos: [-0.42663254 -1.82913482 -1.55463191  0.18576774 -1.04185403 -0.98707506
 -1.60240577 -5.00078916 -0.0389992  -0.60884999 -0.44540211 -2.18997684
 -0.77338486 -1.15751579 -0.75574194 -1.42993948 -1.95343217 -1.47605758
 -0.35339777 -0.47728839  0.00773289 -0.32088211  0.28780103 -0.55347413
 -1.19105782  0.14540571 -2.40310746 -0.89510455 -0.53171744 -0.14708992
 -0.17431204 -1.629583   -1.0799509  -0.14108493 -0.42608794 -0.59673919
 -0.28857717 -0.40239901 -1.48297512 -2.20325883 -0.20009545 -1.12077365
 -0.09075038 -0.05085358 -1.33671684 -1.18048334 -1.42188666 -1.28993525
 -2.12475297  0.14653895  0.05474996 -0.64766605  0.5190887   0.09549845
 -1.73155379 -0.33622563 -2.53219401 -0.84147325 -1.14966201 -2.20871468
 -2.8312351  -1.09186421 -0.85689797 -1.47907307 -1.81034938 -0.60585395
 -0.30739451  0.21965592 -0.8571529  -1.82990478 -1.10969973  0.04187232
 -2.11000644 -0.94558788 -0.33904335 -0.84691804 -1.2991479  -0.51506786
 -0.97920821  0.12138226 -3.47174165 -0.99712783 -0.80596638  0.01618309
 -2.32461834 -0.30221392 -0.95945474 -2.10619478 -0.37347379 -1.29048246
 -1.52525237 -1.41847087 -2.77063581 -1.47810104 -0.81146903 -0.06192167
 -1.05857505  0.45386398 -0.43736193 -0.28229175 -0.69688326 -1.60628793
  0.04854499 -1.70156706 -1.50438719 -0.96413157  0.38886613 -1.70935726
 -0.67625116 -0.39337938  0.06899974 -0.78253018 -0.36729942 -1.87777129
 -1.193891   -0.982509   -0.55476231 -1.41892632  0.0986809  -1.04138776
 -0.65679296 -1.57282447 -2.87891299 -1.62834468 -0.69686057 -3.98760856
 -0.40445519 -2.39265462 -1.00013343 -0.567329   -1.07762002 -0.41800004
 -0.73345162 -1.21708814  0.04226263 -0.28180075 -1.58102293 -1.61616832
 -2.09836097 -0.98602132  0.85175911 -1.03944223 -1.03759727 -0.48327872
 -0.55790447 -2.31206772 -1.38957869 -0.18768026  0.0955481  -0.607184
 -1.3500597  -1.92072425 -1.6838124  -2.02260078 -1.95561374 -0.2927292
 -1.75391473 -1.69320485  0.3065295  -0.53441056 -0.05957402]
2022-06-04 15:55:42,810 - werkzeug - INFO - 127.0.0.1 - - [04/Jun/2022 15:55:42] "[37mGET /nnsoc HTTP/1.1[0m" 200 -
2022-06-04 15:55:57,854 - pyswarms.single.global_best - INFO - Optimize for 50 iters with {'c1': 0.9, 'c2': 0.1, 'w': 0.9}
2022-06-04 15:55:59,469 - pyswarms.single.global_best - INFO - Optimization finished | best cost: 0.0005398000256080532, best pos: [-0.69336975 -0.3490242  -1.4561913  -2.2691984  -1.18372301 -0.83059122
 -1.41912892 -0.48013515 -1.04731063 -0.89128579 -1.50178736 -0.51673518
 -0.44822493 -0.12865276 -1.75126619 -1.31048548 -1.17142881 -1.0241611
 -0.65787628 -1.27481452 -0.64752131 -0.2366138  -0.48249704 -0.89603585
 -1.55462858 -0.45978331 -1.00041844  0.19198802 -0.96747413 -0.74441925
 -2.35553735 -1.61486788 -0.29058695 -0.89250563 -0.25225605 -2.24939935
  0.0610376  -1.68055449  0.14481084  0.469257   -1.81277299 -1.27512067
 -1.18189072 -0.65131426 -1.17692329 -0.85271204 -1.18024491 -1.04833745
 -1.26522676 -0.29118293 -1.07414017 -0.98068406 -1.28310278 -1.55959107
 -0.35710705  0.09946518 -2.07682886  0.1919977  -0.29390342 -1.73974532
 -1.25561373 -0.94086659 -0.90356952 -0.81537347 -0.35462355 -1.02800569
 -2.20426947 -0.63999352 -0.45081896 -0.53881398 -1.1540402  -0.82836479
 -0.20714892 -0.0617963  -1.60229802 -0.70585134 -0.6175651  -1.6139681
  0.11204732 -1.01865331 -0.41995907 -0.33986973 -0.63664142 -1.22071999
 -1.28553483 -0.5634307  -1.01794045 -1.14686539 -0.26791181 -0.68628836
 -0.94182163 -0.75110571 -0.31510848  0.35707795 -0.81136412 -0.54132489
 -0.3571276  -0.31303312 -2.25682779 -2.18629131 -0.89404737 -0.34961407
 -0.52253684 -0.9313972  -0.10684207 -1.44324714 -0.79131981  0.01315534
 -0.58405588 -0.97913267 -0.15768407 -0.00596258 -1.115624   -1.96140493
 -0.42687792 -0.90895114 -1.34379525  0.18530011 -1.4394025   0.06363433
 -0.69991004 -0.80000404 -1.02446463 -0.88714703 -0.44449672 -1.35795079
 -1.40022292 -1.06072892  0.15074994 -0.87137659 -0.7151776  -0.12103707
 -1.99854461 -1.55604793 -0.70015741 -1.8124574  -1.76645776 -1.27000037
 -0.67311863 -1.22219929 -0.31478553 -0.97378604 -1.16433887 -1.70029937
 -0.52922374 -0.61536105 -0.93670722 -1.37691509 -0.86528696 -0.31060783
 -0.69521872  0.04364449 -1.60658663 -0.76936201 -0.63750575 -0.51979648
 -0.32936263 -2.65308271 -1.03451576 -1.46666347  0.08680913 -1.04870775
 -0.97995222 -1.06605236 -1.39227826 -1.61445429 -0.74359078 -0.32103528
 -0.50288329 -1.61252362 -1.12175701 -0.49488414 -2.1144967  -0.00901277
 -0.4110069   0.14305088 -2.87104689 -1.01988364 -1.38520326 -2.0687873
 -0.26895214]
2022-06-04 15:55:59,476 - werkzeug - INFO - 127.0.0.1 - - [04/Jun/2022 15:55:59] "[37mGET /nnsoh HTTP/1.1[0m" 200 -
2022-06-04 15:57:03,522 - werkzeug - INFO - 127.0.0.1 - - [04/Jun/2022 15:57:03] "[33mGET / HTTP/1.1[0m" 404 -
2022-06-04 15:57:26,392 - pyswarms.single.global_best - INFO - Optimize for 50 iters with {'c1': 0.1, 'c2': 0.9, 'w': 0.9}
2022-06-04 15:57:28,163 - werkzeug - INFO - 127.0.0.1 - - [04/Jun/2022 15:57:28] "[37mGET /gasoh HTTP/1.1[0m" 200 -
2022-06-04 15:58:27,224 - pyswarms.single.global_best - INFO - Optimize for 50 iters with {'c1': 0.1, 'c2': 0.9, 'w': 0.9}
2022-06-04 15:59:28,647 - pyswarms.single.global_best - INFO - Optimization finished | best cost: 0.0339658185839653, best pos: [ 6.96516748e-01  3.14508519e+00  1.53099530e+00  1.09090318e+00
  6.37291562e-01 -2.69269954e+00  8.30914138e-01  9.82423233e-01
 -8.75926174e-01 -6.38358605e-01  8.25325297e-01 -4.88409370e-01
  2.80090286e-01 -6.39497112e-02  5.26838611e-01  6.28665566e-01
  2.79803509e+00  1.78496585e+00  2.77855120e+00 -1.55596640e-01
 -4.76710941e-02  2.68449331e+00  4.10201848e+00  2.08788022e+00
  1.01172102e+00  1.53122202e+00  2.18917737e+00  1.92942349e+00
 -3.69699850e-01  8.44708968e-01 -4.66133844e-01 -1.11552352e+00
  1.90435871e+00  1.86563518e+00  1.15596542e+00  5.14474956e-01
  1.91165196e+00  2.92931183e-01 -7.58060005e-01 -1.45093213e-01
  1.06442867e+00  1.00917247e+00  1.08740505e+00  3.53289780e+00
  2.05047012e+00  5.44938992e-01  4.90701975e-01  2.71371294e+00
 -4.41645276e-01 -4.65470132e-02  1.76424159e+00  2.08639438e+00
  1.45821036e+00  8.68746874e-01  4.86240244e-01  4.77279370e-01
 -8.28864866e-02  7.32480114e-01  2.38476281e+00  8.90796108e-01
 -4.46178970e-02  2.67782491e+00  1.34545463e+00  1.08852950e+00
 -2.70282410e-01  1.93627800e+00  1.59616364e+00  2.19081732e+00
  4.96541107e+00  5.37950444e-01  1.50003928e+00  2.34178007e-01
  1.24790400e+00  2.32356775e+00  8.78023634e-01  1.25485239e+00
  1.53930147e+00 -6.61152237e-01  2.03316988e+00  1.61118137e-01
  7.25085866e-01 -1.03012995e+00  1.46012971e-01 -9.35457026e-01
  8.83211637e-01  2.26645103e-01  1.12510921e+00  2.13608464e+00
 -9.09329724e-02 -1.22766572e-01 -4.07614496e-01  1.27214799e+00
 -6.72066842e-01 -1.68124726e+00  1.06533556e+00  1.46396243e+00
  9.63727616e-01  1.08462406e+00 -1.22411553e+00 -1.07952307e+00
  1.85952174e-01  1.92729222e+00  2.96920158e+00  2.05231856e+00
 -1.23893356e+00  7.21295181e-01  1.12623613e+00  3.44906746e-01
  1.09486589e-01  8.37909620e-01  2.86487670e+00  4.02691095e+00
 -1.40372377e+00 -2.23767893e+00  2.31022791e-01 -3.98427355e-02
  1.89766344e+00  1.09138801e+00 -9.57100803e-02  1.69030103e+00
  2.51955740e+00  4.92163500e-01  2.18337522e+00  9.01963532e-01
  2.41820642e+00  4.91336099e-01  9.71322978e-01  6.78547483e-01
  1.37273852e+00 -2.54640464e-01  2.00015470e+00 -1.71082178e+00
  1.15388844e+00  4.32992966e-01  1.35936705e+00  6.25667215e-01
  1.68734078e+00  4.87801239e-01 -1.01195912e+00  6.48016408e-01
  1.00275758e+00  3.81779176e-01  2.15543225e-01 -5.45820646e-01
 -1.97984913e+00 -1.20539321e+00  1.73601649e-02 -2.85643887e-01
  1.55859130e+00  3.04335363e-01  3.40070710e+00  2.11460707e-01
  1.96844005e+00  2.01762590e+00 -5.08771709e-01  1.32692354e+00
  1.80561428e-01  8.63669606e-01  4.95792585e-01  1.21555601e+00
  1.97177868e+00  1.30824664e+00  4.00415048e+00  1.33434663e+00
  9.91913600e-01  2.97115524e+00 -4.19924786e-01  6.95949040e-01
  9.02556861e-01  4.38031730e-01  1.09410113e+00  1.09909031e+00
  6.59004711e-01  2.37527083e-01  6.20466137e-01  1.65854726e+00
  1.27643214e+00  1.21228899e-01  1.99452387e+00  5.57076559e-03
  1.22483588e+00  1.80921243e+00  6.60986271e-03  2.02682355e+00
  5.95322867e-01  5.60258512e-01  1.11033447e+00  7.26582084e-01
  7.81455958e-01  1.18509266e+00  2.07107752e+00  1.05430114e-01
  8.58548288e-01  2.11976148e+00  1.95089396e+00 -7.81247792e-01
  9.57213432e-01  1.33094958e+00 -1.40455125e+00  2.87939535e+00
  1.65549778e+00  1.07007056e+00  1.54629967e+00  1.96659664e+00
  2.78688291e-01 -1.07125277e+00 -6.39598038e-01  7.32395885e-01
  1.08858850e+00  1.91252581e+00  1.72344254e+00 -3.01497502e-01
  1.76046273e+00  7.81255577e-01  9.10659045e-01 -1.14743735e+00
  1.75718686e+00  1.45453115e+00  7.42157401e-02  1.25757543e+00
  2.01863764e-01 -9.28984298e-01  1.47056295e+00 -1.48930183e-01
  1.86324355e-01 -6.92244415e-01  1.78046574e+00 -2.21697598e-02
  2.72119928e-01  2.60256270e+00  1.89583497e+00  1.30757464e+00
  8.99792527e-01 -6.19000597e+00  1.10428043e+00 -3.62988911e-01
  2.06233070e+00  1.31362305e-01  1.49895542e+00  4.31498516e-01
  1.40957325e+00  4.95326883e+00 -4.45690631e-01  4.32419749e-01
  3.58187051e+00  1.65565349e+00  1.16900548e+00  4.79558236e-01
  1.80868312e+00  5.98885671e-02  2.30818356e+00  7.19964328e-01
 -4.07763589e-02  4.01527974e-01  9.22555595e-01 -1.07136842e+00
  1.05265982e+00 -7.23324828e-01  1.06165071e+00 -2.55942430e-01
 -6.34691647e-01  3.66926608e+00  1.50430480e+00  2.30931041e+00
  1.48411730e-01  1.88718261e+00  3.08859018e-01  1.08726282e+00
  1.03968523e+00  4.54660383e+00  2.52218087e+00  1.46553541e+00
  6.66149139e-01  1.57343639e-01  2.50880825e+00 -6.54511021e-01
  1.94892998e+00  1.83455746e+00  2.56720714e+00  1.68236168e+00
 -5.05353568e-01 -2.39453669e+00  4.11976626e-01  1.47838052e+00
 -4.29355423e-01  1.84835464e+00  5.79337090e-02  8.29878212e-01
  4.04557798e+00  1.23642124e+00  1.68589213e+00  3.70867879e-01
  6.26330136e-01  1.56077824e+00 -4.32689478e-01  1.77045214e+00
  1.06009085e+00 -7.06036206e-01 -8.45383793e-01  4.01573243e-01
  2.15357593e+00  2.12440665e+00  6.87036175e-01  1.68380716e+00
 -7.11802127e-01  2.13476838e+00  3.01007321e+00  1.38971490e+00
 -1.51132574e+00  9.81533318e-01  3.41131454e-01  1.43604573e+00
  9.89687550e-01  8.54231184e-01  2.16435361e+00  1.91702909e+00
  9.36228369e-01 -2.15038846e+00  1.59211022e+00  1.30164091e+00
 -3.70730627e-01  1.21507727e+00  1.10079800e+00  1.17181743e+00
 -1.23025078e+00  2.92333881e+00 -1.23127984e-01  7.08104106e-03
 -2.16236730e-01  2.01590518e+00  1.22845549e+00  2.55575823e+00
  2.85463148e+00  3.31995967e+00  1.51691581e+00  1.15262460e+00
 -1.55517604e+00  7.43386477e+00 -1.24849786e+00  7.59382266e-01
 -3.42549912e-01  9.37904935e-01 -2.29644787e-01  1.51570193e+00
  8.58518845e-01 -3.88293846e-01  7.41160380e-01  6.62750689e-01
  2.18684608e+00  2.74771280e+00  1.24696002e+00  1.27661994e+00
  1.73596810e+00  8.73319785e-01  8.19406663e-01  1.51620456e+00
  9.22336598e-01  1.61170617e+00  1.77334357e+00  1.61208554e+00
  2.37655951e+00  1.08906170e+00  7.13730954e-01  1.67036532e+00
  4.81703168e-01  2.42955167e+00 -3.39222755e+00 -3.12650951e-01
  7.52191367e-01  2.26774752e+00 -1.76422584e-01 -2.21045986e+00
  3.56511507e-01  4.63168132e-02  1.81089070e+00  5.85744793e-01
 -8.84448970e-01  1.52602736e+00  1.19613491e+00 -5.42737462e-02
  5.59970293e-01 -2.54519248e-01  3.39205732e-01  1.92962595e+00
 -7.72627461e-01 -8.72853968e-01  8.94442831e-01  7.39407329e-01
 -9.59661379e-01  2.74916549e+00 -6.55238517e-02  3.46214941e+00
  2.86064099e+00  3.46406465e-01 -2.30551181e-01 -1.00803481e+00
  1.67462311e+00 -3.06080656e+00  2.74530124e+00  1.93183372e+00
  7.91881899e-01  3.17909818e+00 -1.76213521e-02  1.18469989e+00
  1.32251523e+00 -6.53810319e-02  5.15902234e-01  2.89287074e+00
  1.07693915e-01 -3.97976663e-01  2.17404010e-01  8.18075232e-01
 -5.87598864e-01 -8.47858297e-01 -2.75709693e+00  2.20866148e+00
  2.29911100e+00 -1.50477915e-02  1.22499897e+00  2.40711347e+00
  1.78401132e+00  4.98169698e-01 -9.78951968e-01  8.19139514e-01
  9.23966559e-01  2.28442107e-01 -3.98675917e-01 -9.10689225e-01
 -6.23096132e-01  1.44521455e+00  2.47015560e+00 -1.02526855e-01
  7.60953022e-01  6.03727498e+00  3.08508759e-01  1.40877352e+00
  1.33368724e+00 -3.13294341e-01  2.43956250e+00  1.62273775e+00
  5.92359819e-01  1.26758865e+00  2.84731866e+00  1.46419598e-01
 -4.38172271e-01  1.93386049e+00  5.02017308e-01  7.51975519e-01
  1.12593655e+00  6.04935816e-01  4.38667104e-01  1.87587590e+00
  1.73218041e-02 -3.35717203e-01  3.66428221e-02  1.47571376e+00
  1.44752980e+00 -3.74154123e-01  3.29042208e+00  1.62802202e+00
  1.15882976e+00  3.60680952e-01 -4.08246789e-01  1.77239924e+00
  1.00399551e+00  1.32486013e+00  2.48358646e+00 -1.69030360e+00
  1.79709966e+00  1.03770845e+00  1.06641831e+00  7.74232720e-01
  1.91323479e+00  2.57755936e+00  1.30868063e-01 -1.33097011e+00
  2.30574219e-01 -7.88824190e-01  2.07131694e+00  2.18166549e+00
  3.27191689e+00  1.44343416e+00  2.31009530e+00  4.26746919e+00
  2.38325841e+00  2.75699313e+00  1.31160368e+00  7.43733057e-01
 -6.55160680e-02 -1.77128815e+00  1.08363972e+00  2.57842432e-01
  2.05053679e+00 -6.60946523e-01  1.27929469e+00  2.57391520e+00
  7.64108889e-01 -9.89139442e-01 -1.97921316e-01 -3.70574222e-01
  1.16557715e+00  7.83604792e-01  3.16532070e-01  5.08581917e-01
  8.76360406e-01  2.80456369e-01  9.17314622e-01  9.25286874e-01
 -1.07220547e+00 -1.26437782e+00  8.35909758e-03 -1.11345669e+00
  3.48048879e-01  1.13416063e+00  1.56969287e+00  1.03221639e+00
  3.01902945e-01  7.76450680e-02  8.31666415e-01 -2.82542630e-01
  5.33627336e-01 -6.84838778e-01  1.45691262e+00  1.79693080e+00
  4.70756865e-01  3.76102942e-01  1.02323526e+00  6.88949863e-01
  2.14592636e+00 -8.90514542e-01  4.77193642e+00  1.83559465e-01
  1.85273745e+00 -1.94539844e-01  1.60836701e+00 -3.75823803e-01
  8.61297271e-01 -5.41351295e-01  1.43238278e+00 -2.66565473e+00
  8.08438748e-01  1.83401739e+00 -5.65044666e-01  9.95160455e-03
  1.25429182e+00  1.41510689e+00 -1.41761984e+00  3.18595649e+00
  3.60875374e+00 -1.26832561e-01  7.37435760e-01  1.91498107e+00
 -2.25227551e-01  9.12843002e-01  9.80289369e-01 -2.47773509e+00
  9.84076067e-01 -3.90619075e-02  1.00441987e+00  4.43354045e-01
  1.18393071e+00  2.31760281e+00  1.62623324e+00  1.22397914e+00
  1.66969912e+00  2.58549106e+00 -3.30312763e-01  7.24882575e-02
  3.50967327e+00  6.08588065e-01 -3.12600564e+00  1.93194425e+00
  2.65988186e-01 -2.10061289e-01  1.67038258e+00  1.48590675e+00
  2.34759778e+00  6.94648452e-01  8.40990380e-01  1.72215751e+00
  2.84846015e+00  3.04664128e+00 -2.09694264e-02 -5.63784067e-01
  8.34223689e-01  5.21254693e-02  1.76992059e+00 -2.79607051e-01
 -1.92522229e-01 -4.28530287e-01  6.06981447e-01  8.25080176e-01
  3.32103970e-01  9.11723957e-01  9.29491717e-01 -1.07289788e-01]
